{
  "RSpec": {
    "coverage": {
      "/Users/TIA/Desktop/cp2/chomp/app/controllers/pages_controller.rb": [
        1,
        1,
        10,
        10,
        10,
        null,
        null,
        1,
        null,
        null,
        1,
        null,
        null,
        1,
        2,
        1,
        null,
        null,
        1,
        null,
        null,
        null
      ],
      "/Users/TIA/Desktop/cp2/chomp/app/controllers/application_controller.rb": [
        1,
        null,
        null,
        1,
        1,
        null,
        1,
        7,
        null,
        null,
        1,
        3,
        null,
        null
      ],
      "/Users/TIA/Desktop/cp2/chomp/app/controllers/sessions_controller.rb": [
        1,
        1,
        null,
        null,
        1,
        7,
        7,
        4,
        4,
        4,
        null,
        3,
        3,
        null,
        null,
        null,
        1,
        3,
        3,
        3,
        null,
        null
      ],
      "/Users/TIA/Desktop/cp2/chomp/app/controllers/urls_controller.rb": [
        1,
        1,
        null,
        1,
        5,
        5,
        5,
        5,
        null,
        null,
        1,
        3,
        3,
        1,
        1,
        1,
        null,
        2,
        null,
        null,
        null,
        1,
        null,
        null,
        1,
        null,
        null,
        1,
        1,
        1,
        null,
        null,
        1,
        1,
        1,
        null,
        null,
        null,
        1,
        null,
        1,
        5,
        5,
        1,
        1,
        1,
        null,
        4,
        null,
        null,
        null,
        1,
        4,
        4,
        4,
        4,
        4,
        1,
        1,
        null,
        null,
        null,
        1,
        4,
        1,
        null,
        3,
        null,
        null,
        null,
        1,
        5,
        5,
        4,
        null,
        1,
        null,
        null,
        1,
        1,
        null,
        null,
        1,
        6,
        null,
        null
      ],
      "/Users/TIA/Desktop/cp2/chomp/app/controllers/users_controller.rb": [
        1,
        1,
        null,
        1,
        3,
        null,
        null,
        1,
        6,
        6,
        3,
        3,
        3,
        null,
        3,
        null,
        null,
        null,
        1,
        null,
        null,
        1,
        2,
        1,
        1,
        null,
        1,
        null,
        null,
        null,
        1,
        null,
        1,
        8,
        null,
        null,
        null,
        null,
        null,
        null,
        null,
        1,
        4,
        4,
        1,
        1,
        null,
        null
      ],
      "/Users/TIA/Desktop/cp2/chomp/app/models/url.rb": [
        1,
        1,
        null,
        1,
        1,
        1,
        null,
        12,
        12,
        3,
        null
      ],
      "/Users/TIA/Desktop/cp2/chomp/app/models/user.rb": [
        1,
        28,
        1,
        null,
        null,
        1,
        1,
        null,
        null,
        null,
        1,
        1,
        1,
        null,
        12,
        null
      ],
      "/Users/TIA/Desktop/cp2/chomp/app/services/message.rb": [
        1,
        1,
        4,
        null,
        null,
        1,
        9,
        null,
        null,
        1,
        5,
        null,
        null,
        1,
        1,
        null,
        null,
        1,
        2,
        null,
        null,
        1,
        1,
        null,
        null,
        1,
        1,
        null,
        null,
        1,
        1,
        null,
        null,
        1,
        1,
        null,
        null
      ],
      "/Users/TIA/Desktop/cp2/chomp/app/helpers/sessions_helper.rb": [
        0,
        0,
        0,
        0,
        0
      ]
    },
    "timestamp": 1478291051
  }
}
